<?xml version="1.0" encoding="UTF-8"?>
<!-- Generated by org.testng.reporters.JUnitXMLReporter -->
<testsuite ignored="0" hostname="LavsLaptop" failures="1" tests="2" name="chromeTest" time="11.205" errors="0" timestamp="2023-11-07T22:37:05 GMT">
  <testcase classname="testCases.TC_001_Account_Registration" name="test_account_Registration" time="4.473">
    <failure type="java.lang.AssertionError" message="Test Failed no match expected [Your Account Has Been Created++!] but found [Your Account Has Been Created!]">
      <![CDATA[java.lang.AssertionError: Test Failed no match expected [Your Account Has Been Created++!] but found [Your Account Has Been Created!]
at testCases.TC_001_Account_Registration.test_account_Registration(TC_001_Account_Registration.java:36)
at java.base/java.util.ArrayList.forEach(ArrayList.java:1511)
... Removed 30 stack frames]]>
    </failure>
  </testcase> <!-- test_account_Registration -->
  <testcase classname="testCases.TC_002_LoginTest" name="test_login" time="1.24"/>
</testsuite> <!-- chromeTest -->
